<?xml version="1.0" encoding="UTF-8"?>
<testsuite xmlns:xsi="http://www.w3.org/2001/XMLSchema-instance" xsi:noNamespaceSchemaLocation="https://maven.apache.org/surefire/maven-surefire-plugin/xsd/surefire-test-report.xsd" name="com.atguigu.jxc.JxcApplicationTests" time="8.259" tests="1" errors="0" skipped="0" failures="0">
  <properties>
    <property name="java.specification.version" value="14"/>
    <property name="sun.cpu.isalist" value="amd64"/>
    <property name="sun.jnu.encoding" value="GBK"/>
    <property name="java.class.path" value="D:\0.0Idea\jxc_todo_0821\target\test-classes;D:\0.0Idea\jxc_todo_0821\target\classes;D:\Maven\jar\org\springframework\boot\spring-boot-starter\2.1.3.RELEASE\spring-boot-starter-2.1.3.RELEASE.jar;D:\Maven\jar\org\springframework\boot\spring-boot\2.1.3.RELEASE\spring-boot-2.1.3.RELEASE.jar;D:\Maven\jar\org\springframework\spring-context\5.1.5.RELEASE\spring-context-5.1.5.RELEASE.jar;D:\Maven\jar\org\springframework\boot\spring-boot-autoconfigure\2.1.3.RELEASE\spring-boot-autoconfigure-2.1.3.RELEASE.jar;D:\Maven\jar\org\springframework\boot\spring-boot-starter-logging\2.1.3.RELEASE\spring-boot-starter-logging-2.1.3.RELEASE.jar;D:\Maven\jar\ch\qos\logback\logback-classic\1.2.3\logback-classic-1.2.3.jar;D:\Maven\jar\ch\qos\logback\logback-core\1.2.3\logback-core-1.2.3.jar;D:\Maven\jar\org\apache\logging\log4j\log4j-to-slf4j\2.11.2\log4j-to-slf4j-2.11.2.jar;D:\Maven\jar\org\apache\logging\log4j\log4j-api\2.11.2\log4j-api-2.11.2.jar;D:\Maven\jar\org\slf4j\jul-to-slf4j\1.7.25\jul-to-slf4j-1.7.25.jar;D:\Maven\jar\javax\annotation\javax.annotation-api\1.3.2\javax.annotation-api-1.3.2.jar;D:\Maven\jar\org\springframework\spring-core\5.1.5.RELEASE\spring-core-5.1.5.RELEASE.jar;D:\Maven\jar\org\springframework\spring-jcl\5.1.5.RELEASE\spring-jcl-5.1.5.RELEASE.jar;D:\Maven\jar\org\yaml\snakeyaml\1.23\snakeyaml-1.23.jar;D:\Maven\jar\org\springframework\boot\spring-boot-starter-web\2.1.3.RELEASE\spring-boot-starter-web-2.1.3.RELEASE.jar;D:\Maven\jar\org\springframework\boot\spring-boot-starter-json\2.1.3.RELEASE\spring-boot-starter-json-2.1.3.RELEASE.jar;D:\Maven\jar\com\fasterxml\jackson\core\jackson-databind\2.9.8\jackson-databind-2.9.8.jar;D:\Maven\jar\com\fasterxml\jackson\core\jackson-annotations\2.9.0\jackson-annotations-2.9.0.jar;D:\Maven\jar\com\fasterxml\jackson\core\jackson-core\2.9.8\jackson-core-2.9.8.jar;D:\Maven\jar\com\fasterxml\jackson\datatype\jackson-datatype-jdk8\2.9.8\jackson-datatype-jdk8-2.9.8.jar;D:\Maven\jar\com\fasterxml\jackson\datatype\jackson-datatype-jsr310\2.9.8\jackson-datatype-jsr310-2.9.8.jar;D:\Maven\jar\com\fasterxml\jackson\module\jackson-module-parameter-names\2.9.8\jackson-module-parameter-names-2.9.8.jar;D:\Maven\jar\org\springframework\boot\spring-boot-starter-tomcat\2.1.3.RELEASE\spring-boot-starter-tomcat-2.1.3.RELEASE.jar;D:\Maven\jar\org\apache\tomcat\embed\tomcat-embed-core\9.0.16\tomcat-embed-core-9.0.16.jar;D:\Maven\jar\org\apache\tomcat\embed\tomcat-embed-el\9.0.16\tomcat-embed-el-9.0.16.jar;D:\Maven\jar\org\apache\tomcat\embed\tomcat-embed-websocket\9.0.16\tomcat-embed-websocket-9.0.16.jar;D:\Maven\jar\org\hibernate\validator\hibernate-validator\6.0.14.Final\hibernate-validator-6.0.14.Final.jar;D:\Maven\jar\javax\validation\validation-api\2.0.1.Final\validation-api-2.0.1.Final.jar;D:\Maven\jar\org\jboss\logging\jboss-logging\3.3.2.Final\jboss-logging-3.3.2.Final.jar;D:\Maven\jar\com\fasterxml\classmate\1.4.0\classmate-1.4.0.jar;D:\Maven\jar\org\springframework\spring-web\5.1.5.RELEASE\spring-web-5.1.5.RELEASE.jar;D:\Maven\jar\org\springframework\spring-beans\5.1.5.RELEASE\spring-beans-5.1.5.RELEASE.jar;D:\Maven\jar\org\springframework\spring-webmvc\5.1.5.RELEASE\spring-webmvc-5.1.5.RELEASE.jar;D:\Maven\jar\org\springframework\spring-aop\5.1.5.RELEASE\spring-aop-5.1.5.RELEASE.jar;D:\Maven\jar\org\springframework\spring-expression\5.1.5.RELEASE\spring-expression-5.1.5.RELEASE.jar;D:\Maven\jar\org\mybatis\spring\boot\mybatis-spring-boot-starter\1.3.2\mybatis-spring-boot-starter-1.3.2.jar;D:\Maven\jar\org\springframework\boot\spring-boot-starter-jdbc\2.1.3.RELEASE\spring-boot-starter-jdbc-2.1.3.RELEASE.jar;D:\Maven\jar\com\zaxxer\HikariCP\3.2.0\HikariCP-3.2.0.jar;D:\Maven\jar\org\springframework\spring-jdbc\5.1.5.RELEASE\spring-jdbc-5.1.5.RELEASE.jar;D:\Maven\jar\org\springframework\spring-tx\5.1.5.RELEASE\spring-tx-5.1.5.RELEASE.jar;D:\Maven\jar\org\mybatis\spring\boot\mybatis-spring-boot-autoconfigure\1.3.2\mybatis-spring-boot-autoconfigure-1.3.2.jar;D:\Maven\jar\org\mybatis\mybatis\3.4.6\mybatis-3.4.6.jar;D:\Maven\jar\org\mybatis\mybatis-spring\1.3.2\mybatis-spring-1.3.2.jar;D:\Maven\jar\mysql\mysql-connector-java\5.1.47\mysql-connector-java-5.1.47.jar;D:\Maven\jar\org\springframework\boot\spring-boot-starter-test\2.1.3.RELEASE\spring-boot-starter-test-2.1.3.RELEASE.jar;D:\Maven\jar\org\springframework\boot\spring-boot-test\2.1.3.RELEASE\spring-boot-test-2.1.3.RELEASE.jar;D:\Maven\jar\org\springframework\boot\spring-boot-test-autoconfigure\2.1.3.RELEASE\spring-boot-test-autoconfigure-2.1.3.RELEASE.jar;D:\Maven\jar\com\jayway\jsonpath\json-path\2.4.0\json-path-2.4.0.jar;D:\Maven\jar\net\minidev\json-smart\2.3\json-smart-2.3.jar;D:\Maven\jar\net\minidev\accessors-smart\1.2\accessors-smart-1.2.jar;D:\Maven\jar\org\ow2\asm\asm\5.0.4\asm-5.0.4.jar;D:\Maven\jar\org\slf4j\slf4j-api\1.7.25\slf4j-api-1.7.25.jar;D:\Maven\jar\junit\junit\4.12\junit-4.12.jar;D:\Maven\jar\org\assertj\assertj-core\3.11.1\assertj-core-3.11.1.jar;D:\Maven\jar\org\mockito\mockito-core\2.23.4\mockito-core-2.23.4.jar;D:\Maven\jar\net\bytebuddy\byte-buddy\1.9.10\byte-buddy-1.9.10.jar;D:\Maven\jar\net\bytebuddy\byte-buddy-agent\1.9.10\byte-buddy-agent-1.9.10.jar;D:\Maven\jar\org\objenesis\objenesis\2.6\objenesis-2.6.jar;D:\Maven\jar\org\hamcrest\hamcrest-core\1.3\hamcrest-core-1.3.jar;D:\Maven\jar\org\hamcrest\hamcrest-library\1.3\hamcrest-library-1.3.jar;D:\Maven\jar\org\skyscreamer\jsonassert\1.5.0\jsonassert-1.5.0.jar;D:\Maven\jar\com\vaadin\external\google\android-json\0.0.20131108.vaadin1\android-json-0.0.20131108.vaadin1.jar;D:\Maven\jar\org\springframework\spring-test\5.1.5.RELEASE\spring-test-5.1.5.RELEASE.jar;D:\Maven\jar\org\xmlunit\xmlunit-core\2.6.2\xmlunit-core-2.6.2.jar;D:\Maven\jar\javax\xml\bind\jaxb-api\2.3.1\jaxb-api-2.3.1.jar;D:\Maven\jar\javax\activation\javax.activation-api\1.2.0\javax.activation-api-1.2.0.jar;D:\Maven\jar\org\apache\shiro\shiro-core\1.4.0\shiro-core-1.4.0.jar;D:\Maven\jar\org\apache\shiro\shiro-lang\1.4.0\shiro-lang-1.4.0.jar;D:\Maven\jar\org\apache\shiro\shiro-cache\1.4.0\shiro-cache-1.4.0.jar;D:\Maven\jar\org\apache\shiro\shiro-crypto-hash\1.4.0\shiro-crypto-hash-1.4.0.jar;D:\Maven\jar\org\apache\shiro\shiro-crypto-core\1.4.0\shiro-crypto-core-1.4.0.jar;D:\Maven\jar\org\apache\shiro\shiro-crypto-cipher\1.4.0\shiro-crypto-cipher-1.4.0.jar;D:\Maven\jar\org\apache\shiro\shiro-config-core\1.4.0\shiro-config-core-1.4.0.jar;D:\Maven\jar\org\apache\shiro\shiro-config-ogdl\1.4.0\shiro-config-ogdl-1.4.0.jar;D:\Maven\jar\commons-beanutils\commons-beanutils\1.9.3\commons-beanutils-1.9.3.jar;D:\Maven\jar\commons-collections\commons-collections\3.2.2\commons-collections-3.2.2.jar;D:\Maven\jar\org\apache\shiro\shiro-event\1.4.0\shiro-event-1.4.0.jar;D:\Maven\jar\org\apache\shiro\shiro-spring\1.4.0\shiro-spring-1.4.0.jar;D:\Maven\jar\org\apache\shiro\shiro-web\1.4.0\shiro-web-1.4.0.jar;D:\Maven\jar\com\google\code\gson\gson\2.8.5\gson-2.8.5.jar;D:\Maven\jar\org\projectlombok\lombok\1.18.6\lombok-1.18.6.jar;"/>
    <property name="java.vm.vendor" value="Oracle Corporation"/>
    <property name="sun.arch.data.model" value="64"/>
    <property name="user.variant" value=""/>
    <property name="java.vendor.url" value="https://java.oracle.com/"/>
    <property name="user.timezone" value="Asia/Shanghai"/>
    <property name="os.name" value="Windows 10"/>
    <property name="java.vm.specification.version" value="14"/>
    <property name="sun.java.launcher" value="SUN_STANDARD"/>
    <property name="user.country" value="CN"/>
    <property name="sun.boot.library.path" value="C:\Program Files\Java\jdk-14.0.2\bin"/>
    <property name="sun.java.command" value="C:\Users\Administrator\AppData\Local\Temp\surefire2620040173810318979\surefirebooter17070659114319370475.jar C:\Users\Administrator\AppData\Local\Temp\surefire2620040173810318979 2021-03-08T09-45-45_000-jvmRun1 surefire15312940193030250290tmp surefire_015651810681028331194tmp"/>
    <property name="jdk.debug" value="release"/>
    <property name="surefire.test.class.path" value="D:\0.0Idea\jxc_todo_0821\target\test-classes;D:\0.0Idea\jxc_todo_0821\target\classes;D:\Maven\jar\org\springframework\boot\spring-boot-starter\2.1.3.RELEASE\spring-boot-starter-2.1.3.RELEASE.jar;D:\Maven\jar\org\springframework\boot\spring-boot\2.1.3.RELEASE\spring-boot-2.1.3.RELEASE.jar;D:\Maven\jar\org\springframework\spring-context\5.1.5.RELEASE\spring-context-5.1.5.RELEASE.jar;D:\Maven\jar\org\springframework\boot\spring-boot-autoconfigure\2.1.3.RELEASE\spring-boot-autoconfigure-2.1.3.RELEASE.jar;D:\Maven\jar\org\springframework\boot\spring-boot-starter-logging\2.1.3.RELEASE\spring-boot-starter-logging-2.1.3.RELEASE.jar;D:\Maven\jar\ch\qos\logback\logback-classic\1.2.3\logback-classic-1.2.3.jar;D:\Maven\jar\ch\qos\logback\logback-core\1.2.3\logback-core-1.2.3.jar;D:\Maven\jar\org\apache\logging\log4j\log4j-to-slf4j\2.11.2\log4j-to-slf4j-2.11.2.jar;D:\Maven\jar\org\apache\logging\log4j\log4j-api\2.11.2\log4j-api-2.11.2.jar;D:\Maven\jar\org\slf4j\jul-to-slf4j\1.7.25\jul-to-slf4j-1.7.25.jar;D:\Maven\jar\javax\annotation\javax.annotation-api\1.3.2\javax.annotation-api-1.3.2.jar;D:\Maven\jar\org\springframework\spring-core\5.1.5.RELEASE\spring-core-5.1.5.RELEASE.jar;D:\Maven\jar\org\springframework\spring-jcl\5.1.5.RELEASE\spring-jcl-5.1.5.RELEASE.jar;D:\Maven\jar\org\yaml\snakeyaml\1.23\snakeyaml-1.23.jar;D:\Maven\jar\org\springframework\boot\spring-boot-starter-web\2.1.3.RELEASE\spring-boot-starter-web-2.1.3.RELEASE.jar;D:\Maven\jar\org\springframework\boot\spring-boot-starter-json\2.1.3.RELEASE\spring-boot-starter-json-2.1.3.RELEASE.jar;D:\Maven\jar\com\fasterxml\jackson\core\jackson-databind\2.9.8\jackson-databind-2.9.8.jar;D:\Maven\jar\com\fasterxml\jackson\core\jackson-annotations\2.9.0\jackson-annotations-2.9.0.jar;D:\Maven\jar\com\fasterxml\jackson\core\jackson-core\2.9.8\jackson-core-2.9.8.jar;D:\Maven\jar\com\fasterxml\jackson\datatype\jackson-datatype-jdk8\2.9.8\jackson-datatype-jdk8-2.9.8.jar;D:\Maven\jar\com\fasterxml\jackson\datatype\jackson-datatype-jsr310\2.9.8\jackson-datatype-jsr310-2.9.8.jar;D:\Maven\jar\com\fasterxml\jackson\module\jackson-module-parameter-names\2.9.8\jackson-module-parameter-names-2.9.8.jar;D:\Maven\jar\org\springframework\boot\spring-boot-starter-tomcat\2.1.3.RELEASE\spring-boot-starter-tomcat-2.1.3.RELEASE.jar;D:\Maven\jar\org\apache\tomcat\embed\tomcat-embed-core\9.0.16\tomcat-embed-core-9.0.16.jar;D:\Maven\jar\org\apache\tomcat\embed\tomcat-embed-el\9.0.16\tomcat-embed-el-9.0.16.jar;D:\Maven\jar\org\apache\tomcat\embed\tomcat-embed-websocket\9.0.16\tomcat-embed-websocket-9.0.16.jar;D:\Maven\jar\org\hibernate\validator\hibernate-validator\6.0.14.Final\hibernate-validator-6.0.14.Final.jar;D:\Maven\jar\javax\validation\validation-api\2.0.1.Final\validation-api-2.0.1.Final.jar;D:\Maven\jar\org\jboss\logging\jboss-logging\3.3.2.Final\jboss-logging-3.3.2.Final.jar;D:\Maven\jar\com\fasterxml\classmate\1.4.0\classmate-1.4.0.jar;D:\Maven\jar\org\springframework\spring-web\5.1.5.RELEASE\spring-web-5.1.5.RELEASE.jar;D:\Maven\jar\org\springframework\spring-beans\5.1.5.RELEASE\spring-beans-5.1.5.RELEASE.jar;D:\Maven\jar\org\springframework\spring-webmvc\5.1.5.RELEASE\spring-webmvc-5.1.5.RELEASE.jar;D:\Maven\jar\org\springframework\spring-aop\5.1.5.RELEASE\spring-aop-5.1.5.RELEASE.jar;D:\Maven\jar\org\springframework\spring-expression\5.1.5.RELEASE\spring-expression-5.1.5.RELEASE.jar;D:\Maven\jar\org\mybatis\spring\boot\mybatis-spring-boot-starter\1.3.2\mybatis-spring-boot-starter-1.3.2.jar;D:\Maven\jar\org\springframework\boot\spring-boot-starter-jdbc\2.1.3.RELEASE\spring-boot-starter-jdbc-2.1.3.RELEASE.jar;D:\Maven\jar\com\zaxxer\HikariCP\3.2.0\HikariCP-3.2.0.jar;D:\Maven\jar\org\springframework\spring-jdbc\5.1.5.RELEASE\spring-jdbc-5.1.5.RELEASE.jar;D:\Maven\jar\org\springframework\spring-tx\5.1.5.RELEASE\spring-tx-5.1.5.RELEASE.jar;D:\Maven\jar\org\mybatis\spring\boot\mybatis-spring-boot-autoconfigure\1.3.2\mybatis-spring-boot-autoconfigure-1.3.2.jar;D:\Maven\jar\org\mybatis\mybatis\3.4.6\mybatis-3.4.6.jar;D:\Maven\jar\org\mybatis\mybatis-spring\1.3.2\mybatis-spring-1.3.2.jar;D:\Maven\jar\mysql\mysql-connector-java\5.1.47\mysql-connector-java-5.1.47.jar;D:\Maven\jar\org\springframework\boot\spring-boot-starter-test\2.1.3.RELEASE\spring-boot-starter-test-2.1.3.RELEASE.jar;D:\Maven\jar\org\springframework\boot\spring-boot-test\2.1.3.RELEASE\spring-boot-test-2.1.3.RELEASE.jar;D:\Maven\jar\org\springframework\boot\spring-boot-test-autoconfigure\2.1.3.RELEASE\spring-boot-test-autoconfigure-2.1.3.RELEASE.jar;D:\Maven\jar\com\jayway\jsonpath\json-path\2.4.0\json-path-2.4.0.jar;D:\Maven\jar\net\minidev\json-smart\2.3\json-smart-2.3.jar;D:\Maven\jar\net\minidev\accessors-smart\1.2\accessors-smart-1.2.jar;D:\Maven\jar\org\ow2\asm\asm\5.0.4\asm-5.0.4.jar;D:\Maven\jar\org\slf4j\slf4j-api\1.7.25\slf4j-api-1.7.25.jar;D:\Maven\jar\junit\junit\4.12\junit-4.12.jar;D:\Maven\jar\org\assertj\assertj-core\3.11.1\assertj-core-3.11.1.jar;D:\Maven\jar\org\mockito\mockito-core\2.23.4\mockito-core-2.23.4.jar;D:\Maven\jar\net\bytebuddy\byte-buddy\1.9.10\byte-buddy-1.9.10.jar;D:\Maven\jar\net\bytebuddy\byte-buddy-agent\1.9.10\byte-buddy-agent-1.9.10.jar;D:\Maven\jar\org\objenesis\objenesis\2.6\objenesis-2.6.jar;D:\Maven\jar\org\hamcrest\hamcrest-core\1.3\hamcrest-core-1.3.jar;D:\Maven\jar\org\hamcrest\hamcrest-library\1.3\hamcrest-library-1.3.jar;D:\Maven\jar\org\skyscreamer\jsonassert\1.5.0\jsonassert-1.5.0.jar;D:\Maven\jar\com\vaadin\external\google\android-json\0.0.20131108.vaadin1\android-json-0.0.20131108.vaadin1.jar;D:\Maven\jar\org\springframework\spring-test\5.1.5.RELEASE\spring-test-5.1.5.RELEASE.jar;D:\Maven\jar\org\xmlunit\xmlunit-core\2.6.2\xmlunit-core-2.6.2.jar;D:\Maven\jar\javax\xml\bind\jaxb-api\2.3.1\jaxb-api-2.3.1.jar;D:\Maven\jar\javax\activation\javax.activation-api\1.2.0\javax.activation-api-1.2.0.jar;D:\Maven\jar\org\apache\shiro\shiro-core\1.4.0\shiro-core-1.4.0.jar;D:\Maven\jar\org\apache\shiro\shiro-lang\1.4.0\shiro-lang-1.4.0.jar;D:\Maven\jar\org\apache\shiro\shiro-cache\1.4.0\shiro-cache-1.4.0.jar;D:\Maven\jar\org\apache\shiro\shiro-crypto-hash\1.4.0\shiro-crypto-hash-1.4.0.jar;D:\Maven\jar\org\apache\shiro\shiro-crypto-core\1.4.0\shiro-crypto-core-1.4.0.jar;D:\Maven\jar\org\apache\shiro\shiro-crypto-cipher\1.4.0\shiro-crypto-cipher-1.4.0.jar;D:\Maven\jar\org\apache\shiro\shiro-config-core\1.4.0\shiro-config-core-1.4.0.jar;D:\Maven\jar\org\apache\shiro\shiro-config-ogdl\1.4.0\shiro-config-ogdl-1.4.0.jar;D:\Maven\jar\commons-beanutils\commons-beanutils\1.9.3\commons-beanutils-1.9.3.jar;D:\Maven\jar\commons-collections\commons-collections\3.2.2\commons-collections-3.2.2.jar;D:\Maven\jar\org\apache\shiro\shiro-event\1.4.0\shiro-event-1.4.0.jar;D:\Maven\jar\org\apache\shiro\shiro-spring\1.4.0\shiro-spring-1.4.0.jar;D:\Maven\jar\org\apache\shiro\shiro-web\1.4.0\shiro-web-1.4.0.jar;D:\Maven\jar\com\google\code\gson\gson\2.8.5\gson-2.8.5.jar;D:\Maven\jar\org\projectlombok\lombok\1.18.6\lombok-1.18.6.jar;"/>
    <property name="sun.cpu.endian" value="little"/>
    <property name="user.home" value="C:\Users\Administrator"/>
    <property name="user.language" value="zh"/>
    <property name="java.specification.vendor" value="Oracle Corporation"/>
    <property name="java.version.date" value="2020-07-14"/>
    <property name="java.home" value="C:\Program Files\Java\jdk-14.0.2"/>
    <property name="basedir" value="D:\0.0Idea\jxc_todo_0821"/>
    <property name="file.separator" value="\"/>
    <property name="java.vm.compressedOopsMode" value="Zero based"/>
    <property name="line.separator" value="&#10;"/>
    <property name="java.vm.specification.vendor" value="Oracle Corporation"/>
    <property name="java.specification.name" value="Java Platform API Specification"/>
    <property name="surefire.real.class.path" value="C:\Users\Administrator\AppData\Local\Temp\surefire2620040173810318979\surefirebooter17070659114319370475.jar"/>
    <property name="user.script" value=""/>
    <property name="sun.management.compiler" value="HotSpot 64-Bit Tiered Compilers"/>
    <property name="java.runtime.version" value="14.0.2+12-46"/>
    <property name="user.name" value="Administrator"/>
    <property name="path.separator" value=";"/>
    <property name="os.version" value="10.0"/>
    <property name="java.runtime.name" value="Java(TM) SE Runtime Environment"/>
    <property name="file.encoding" value="GBK"/>
    <property name="java.vm.name" value="Java HotSpot(TM) 64-Bit Server VM"/>
    <property name="localRepository" value="D:\Maven\jar"/>
    <property name="java.vendor.url.bug" value="https://bugreport.java.com/bugreport/"/>
    <property name="java.io.tmpdir" value="C:\Users\Administrator\AppData\Local\Temp\"/>
    <property name="java.version" value="14.0.2"/>
    <property name="user.dir" value="D:\0.0Idea\jxc_todo_0821"/>
    <property name="os.arch" value="amd64"/>
    <property name="java.vm.specification.name" value="Java Virtual Machine Specification"/>
    <property name="sun.os.patch.level" value=""/>
    <property name="idea.version2019.3.5" value="true"/>
    <property name="java.library.path" value="C:\Program Files\Java\jdk-14.0.2\bin;C:\Windows\Sun\Java\bin;C:\Windows\system32;C:\Windows;C:\Program Files (x86)\Common Files\NetSarang;C:\Program Files\Java\jdk-14.0.2\bin;C:\Program Files (x86)\Common Files\Oracle\Java\javapath;C:\Windows\system32;C:\Windows;C:\Windows\System32\Wbem;C:\Windows\System32\WindowsPowerShell\v1.0\;C:\Windows\System32\OpenSSH\;D:\JDK\bin;C:\Program Files (x86)\Calibre2\;C:\Program Files\MySQL\MySQL Server5.7\bin;C:\Program Files\Java\jdk1.8.0_171;D:\Maven\apache-maven-3.6.0\bin;D:\Git\cmd;C:\Program Files\TortoiseGit\bin;D:\node\;C:\Program Files (x86)\NVIDIA Corporation\PhysX\Common;C:\Users\Administrator\AppData\Local\Microsoft\WindowsApps;D:\JDK\bin;%IntelliJ IDEA Community Edition%;%IntelliJ IDEA Educational Edition%;C:\Program Files\Java\jdk-14.0.2;D:\IntelliJ IDEA 2020.1\bin;;C:\Program Files\Java\jdk1.8.0_171;C:\Users\Administrator\AppData\Local\GitHubDesktop\bin;D:\Microsoft VS Code\bin;C:\Users\Administrator\AppData\Roaming\npm;."/>
    <property name="java.vm.info" value="mixed mode, sharing"/>
    <property name="java.vendor" value="Oracle Corporation"/>
    <property name="java.vm.version" value="14.0.2+12-46"/>
    <property name="sun.io.unicode.encoding" value="UnicodeLittle"/>
    <property name="java.class.version" value="58.0"/>
  </properties>
  <testcase name="contextLoads" classname="com.atguigu.jxc.JxcApplicationTests" time="0.478"/>
</testsuite>